<?xml version="1.0" encoding="UTF-8"?>
<!-- Generated by org.testng.reporters.JUnitReportReporter -->
<testsuite skipped="0" hostname="Gurvarinders-MacBook-Air.local" name="TestCases.TC001_Login" tests="1" failures="0" timestamp="04 Jan 2019 21:20:25 GMT" time="1.445" errors="0">
  <testcase name="testLogin" time="1.445" classname="TestCases.TC001_Login"/>
</testsuite> <!-- TestCases.TC001_Login -->
